<?xml version="1.0" encoding="UTF-8"?>
<!-- Generated by org.testng.reporters.JUnitXMLReporter -->
<testsuite ignored="0" hostname="P5RO-PORT1736" failures="1" tests="5" name="Default test" time="0.121" errors="0" timestamp="2022-09-08T14:29:37 EEST">
  <testcase classname="mavenReportsCristianStefan.TestNGTutorial.day5" name="LogInAPIhomeLoan5" time="0.022"/>
  <testcase classname="mavenReportsCristianStefan.TestNGTutorial.day5" name="MobileLoginHomeLoan4" time="0.0">
    <failure type="org.testng.TestNGException" message="
Parameter &amp;apos;url&amp;apos; is required by @Test on method MobileLoginHomeLoan4 but has not been marked @Optional or defined
in C:\Users\cstefan.PENTALOG\AppData\Local\Temp\testng-eclipse-1576831146\testng-customsuite.xml">
      <![CDATA[org.testng.TestNGException: 
Parameter 'url' is required by @Test on method MobileLoginHomeLoan4 but has not been marked @Optional or defined
in C:\Users\cstefan.PENTALOG\AppData\Local\Temp\testng-eclipse-1576831146\testng-customsuite.xml
at org.testng.internal.Parameters.createParams(Parameters.java:270)
at org.testng.internal.Parameters.createParametersForMethod(Parameters.java:358)
at org.testng.internal.Parameters.createParameters(Parameters.java:700)
at org.testng.internal.Parameters.handleParameters(Parameters.java:884)
at org.testng.internal.Parameters.handleParameters(Parameters.java:740)
at org.testng.internal.ParameterHandler.handleParameters(ParameterHandler.java:59)
at org.testng.internal.ParameterHandler.createParameters(ParameterHandler.java:38)
at org.testng.internal.TestInvoker$MethodInvocationAgent.invoke(TestInvoker.java:791)
at org.testng.internal.TestInvoker.invokeTestMethods(TestInvoker.java:146)
at org.testng.internal.TestMethodWorker.invokeTestMethods(TestMethodWorker.java:146)
at org.testng.internal.TestMethodWorker.run(TestMethodWorker.java:128)
at java.base/java.util.ArrayList.forEach(ArrayList.java:1541)
at org.testng.TestRunner.privateRun(TestRunner.java:794)
at org.testng.TestRunner.run(TestRunner.java:596)
at org.testng.SuiteRunner.runTest(SuiteRunner.java:377)
at org.testng.SuiteRunner.runSequentially(SuiteRunner.java:371)
at org.testng.SuiteRunner.privateRun(SuiteRunner.java:332)
at org.testng.SuiteRunner.run(SuiteRunner.java:276)
at org.testng.SuiteRunnerWorker.runSuite(SuiteRunnerWorker.java:53)
at org.testng.SuiteRunnerWorker.run(SuiteRunnerWorker.java:96)
at org.testng.TestNG.runSuitesSequentially(TestNG.java:1212)
at org.testng.TestNG.runSuitesLocally(TestNG.java:1134)
at org.testng.TestNG.runSuites(TestNG.java:1063)
at org.testng.TestNG.run(TestNG.java:1031)
at org.testng.remote.AbstractRemoteTestNG.run(AbstractRemoteTestNG.java:115)
at org.testng.remote.RemoteTestNG.initAndRun(RemoteTestNG.java:251)
at org.testng.remote.RemoteTestNG.main(RemoteTestNG.java:77)
]]>
    </failure>
  </testcase> <!-- MobileLoginHomeLoan4 -->
  <testcase classname="mavenReportsCristianStefan.TestNGTutorial.day5" name="WebLoginHomeLoan4" time="0.003"/>
  <testcase classname="mavenReportsCristianStefan.TestNGTutorial.day5" name="WebLoginHomeLoan4" time="0.003"/>
  <testcase classname="mavenReportsCristianStefan.TestNGTutorial.day5" name="WebLoginHomeLoan4" time="0.002"/>
</testsuite> <!-- Default test -->
