<?xml version="1.0" encoding="UTF-8"?>
<testng-results ignored="0" total="5" passed="4" failed="1" skipped="0">
  <reporter-output>
  </reporter-output>
  <suite started-at="2022-09-12T16:04:22 EEST" name="Suite" finished-at="2022-09-12T16:04:22 EEST" duration-ms="106">
    <groups>
    </groups>
    <test started-at="2022-09-12T16:04:22 EEST" name="Test" finished-at="2022-09-12T16:04:22 EEST" duration-ms="106">
      <class name="mavenReportsCristianStefan.TestNGTutorial.day5">
        <test-method signature="LogInAPIhomeLoan5()[pri:0, instance:mavenReportsCristianStefan.TestNGTutorial.day5@2cdd0d4b]" started-at="2022-09-12T16:04:22 EEST" name="LogInAPIhomeLoan5" finished-at="2022-09-12T16:04:22 EEST" duration-ms="17" status="FAIL">
          <exception class="java.lang.AssertionError">
            <full-stacktrace>
              <![CDATA[java.lang.AssertionError
at org.junit.Assert.fail(Assert.java:86)
at org.junit.Assert.assertTrue(Assert.java:41)
at org.junit.Assert.assertTrue(Assert.java:52)
at mavenReportsCristianStefan.TestNGTutorial.day5.LogInAPIhomeLoan5(day5.java:63)
at java.base/jdk.internal.reflect.NativeMethodAccessorImpl.invoke0(Native Method)
at java.base/jdk.internal.reflect.NativeMethodAccessorImpl.invoke(NativeMethodAccessorImpl.java:62)
at java.base/jdk.internal.reflect.DelegatingMethodAccessorImpl.invoke(DelegatingMethodAccessorImpl.java:43)
at java.base/java.lang.reflect.Method.invoke(Method.java:566)
at org.testng.internal.MethodInvocationHelper.invokeMethod(MethodInvocationHelper.java:133)
at org.testng.internal.TestInvoker.invokeMethod(TestInvoker.java:598)
at org.testng.internal.TestInvoker.invokeTestMethod(TestInvoker.java:173)
at org.testng.internal.MethodRunner.runInSequence(MethodRunner.java:46)
at org.testng.internal.TestInvoker$MethodInvocationAgent.invoke(TestInvoker.java:824)
at org.testng.internal.TestInvoker.invokeTestMethods(TestInvoker.java:146)
at org.testng.internal.TestMethodWorker.invokeTestMethods(TestMethodWorker.java:146)
at org.testng.internal.TestMethodWorker.run(TestMethodWorker.java:128)
at java.base/java.util.ArrayList.forEach(ArrayList.java:1541)
at org.testng.TestRunner.privateRun(TestRunner.java:794)
at org.testng.TestRunner.run(TestRunner.java:596)
at org.testng.SuiteRunner.runTest(SuiteRunner.java:377)
at org.testng.SuiteRunner.runSequentially(SuiteRunner.java:371)
at org.testng.SuiteRunner.privateRun(SuiteRunner.java:332)
at org.testng.SuiteRunner.run(SuiteRunner.java:276)
at org.testng.SuiteRunnerWorker.runSuite(SuiteRunnerWorker.java:53)
at org.testng.SuiteRunnerWorker.run(SuiteRunnerWorker.java:96)
at org.testng.TestNG.runSuitesSequentially(TestNG.java:1212)
at org.testng.TestNG.runSuitesLocally(TestNG.java:1134)
at org.testng.TestNG.runSuites(TestNG.java:1063)
at org.testng.TestNG.run(TestNG.java:1031)
at org.testng.remote.AbstractRemoteTestNG.run(AbstractRemoteTestNG.java:115)
at org.testng.remote.RemoteTestNG.initAndRun(RemoteTestNG.java:251)
at org.testng.remote.RemoteTestNG.main(RemoteTestNG.java:77)
]]>
            </full-stacktrace>
          </exception> <!-- java.lang.AssertionError -->
          <reporter-output>
          </reporter-output>
        </test-method> <!-- LogInAPIhomeLoan5 -->
        <test-method signature="MobileLoginHomeLoan4(java.lang.String,java.lang.String)[pri:0, instance:mavenReportsCristianStefan.TestNGTutorial.day5@2cdd0d4b]" started-at="2022-09-12T16:04:22 EEST" name="MobileLoginHomeLoan4" finished-at="2022-09-12T16:04:22 EEST" duration-ms="2" status="PASS">
          <params>
            <param index="0">
              <value>
                <![CDATA[google.com]]>
              </value>
            </param>
            <param index="1">
              <value>
                <![CDATA[Monday]]>
              </value>
            </param>
          </params>
          <reporter-output>
          </reporter-output>
        </test-method> <!-- MobileLoginHomeLoan4 -->
        <test-method signature="WebLoginHomeLoan4(java.lang.String,java.lang.String)[pri:0, instance:mavenReportsCristianStefan.TestNGTutorial.day5@2cdd0d4b]" started-at="2022-09-12T16:04:22 EEST" name="WebLoginHomeLoan4" data-provider="getData" finished-at="2022-09-12T16:04:22 EEST" duration-ms="2" status="PASS">
          <params>
            <param index="0">
              <value>
                <![CDATA[firstScenarioUserName]]>
              </value>
            </param>
            <param index="1">
              <value>
                <![CDATA[password]]>
              </value>
            </param>
          </params>
          <reporter-output>
          </reporter-output>
        </test-method> <!-- WebLoginHomeLoan4 -->
        <test-method signature="WebLoginHomeLoan4(java.lang.String,java.lang.String)[pri:0, instance:mavenReportsCristianStefan.TestNGTutorial.day5@2cdd0d4b]" started-at="2022-09-12T16:04:22 EEST" name="WebLoginHomeLoan4" data-provider="getData" finished-at="2022-09-12T16:04:22 EEST" duration-ms="2" status="PASS">
          <params>
            <param index="0">
              <value>
                <![CDATA[secondScenarioUserName]]>
              </value>
            </param>
            <param index="1">
              <value>
                <![CDATA[secondPassword]]>
              </value>
            </param>
          </params>
          <reporter-output>
          </reporter-output>
        </test-method> <!-- WebLoginHomeLoan4 -->
        <test-method signature="WebLoginHomeLoan4(java.lang.String,java.lang.String)[pri:0, instance:mavenReportsCristianStefan.TestNGTutorial.day5@2cdd0d4b]" started-at="2022-09-12T16:04:22 EEST" name="WebLoginHomeLoan4" data-provider="getData" finished-at="2022-09-12T16:04:22 EEST" duration-ms="1" status="PASS">
          <params>
            <param index="0">
              <value>
                <![CDATA[thirdScenarioUserName]]>
              </value>
            </param>
            <param index="1">
              <value>
                <![CDATA[thirdPassword]]>
              </value>
            </param>
          </params>
          <reporter-output>
          </reporter-output>
        </test-method> <!-- WebLoginHomeLoan4 -->
      </class> <!-- mavenReportsCristianStefan.TestNGTutorial.day5 -->
    </test> <!-- Test -->
  </suite> <!-- Suite -->
</testng-results>
